{"event": "workflow_started", "workflow_id": "3e8cbac975d248b788bc927e2aeca766", "workflow_instance_id": "4468e44bbd9c4b0f91801d7b8d339c1a", "timestamp": "2025-06-28T19:33:16.218084"}
{"event": "step_enqueued", "step": "DecideTask", "workflow_id": "3e8cbac975d248b788bc927e2aeca766", "workflow_instance_id": "4468e44bbd9c4b0f91801d7b8d339c1a", "timestamp": "2025-06-28T19:33:16.218325"}
{"event": "step_started", "step": "DecideTask", "workflow_id": "3e8cbac975d248b788bc927e2aeca766", "workflow_instance_id": "4468e44bbd9c4b0f91801d7b8d339c1a", "timestamp": "2025-06-28T19:33:16.218369"}
{"event": "step_finished", "step": "DecideTask", "result": true, "skipped": false, "workflow_id": "3e8cbac975d248b788bc927e2aeca766", "workflow_instance_id": "4468e44bbd9c4b0f91801d7b8d339c1a", "timestamp": "2025-06-28T19:33:16.218421"}
{"event": "step_enqueued", "step": "DefaultTask", "workflow_id": "3e8cbac975d248b788bc927e2aeca766", "workflow_instance_id": "4468e44bbd9c4b0f91801d7b8d339c1a", "timestamp": "2025-06-28T19:33:16.218459"}
{"event": "step_enqueued", "step": "SkipTask", "workflow_id": "3e8cbac975d248b788bc927e2aeca766", "workflow_instance_id": "4468e44bbd9c4b0f91801d7b8d339c1a", "timestamp": "2025-06-28T19:33:16.218491"}
{"event": "step_started", "step": "DefaultTask", "workflow_id": "3e8cbac975d248b788bc927e2aeca766", "workflow_instance_id": "4468e44bbd9c4b0f91801d7b8d339c1a", "timestamp": "2025-06-28T19:33:16.218526"}
{"event": "condition_check", "step": "DefaultTask", "dependency": "_flag", "value": true, "passed": false, "workflow_id": "3e8cbac975d248b788bc927e2aeca766", "workflow_instance_id": "4468e44bbd9c4b0f91801d7b8d339c1a", "timestamp": "2025-06-28T19:33:16.218557"}
{"event": "step_finished", "step": "DefaultTask", "result": null, "skipped": true, "workflow_id": "3e8cbac975d248b788bc927e2aeca766", "workflow_instance_id": "4468e44bbd9c4b0f91801d7b8d339c1a", "timestamp": "2025-06-28T19:33:16.218587"}
{"event": "step_started", "step": "SkipTask", "workflow_id": "3e8cbac975d248b788bc927e2aeca766", "workflow_instance_id": "4468e44bbd9c4b0f91801d7b8d339c1a", "timestamp": "2025-06-28T19:33:16.218617"}
{"event": "condition_check", "step": "SkipTask", "dependency": "_flag", "value": true, "passed": true, "workflow_id": "3e8cbac975d248b788bc927e2aeca766", "workflow_instance_id": "4468e44bbd9c4b0f91801d7b8d339c1a", "timestamp": "2025-06-28T19:33:16.218647"}
{"event": "step_finished", "step": "SkipTask", "result": null, "skipped": false, "workflow_id": "3e8cbac975d248b788bc927e2aeca766", "workflow_instance_id": "4468e44bbd9c4b0f91801d7b8d339c1a", "timestamp": "2025-06-28T19:33:16.218686"}
{"event": "workflow_finished", "workflow_id": "3e8cbac975d248b788bc927e2aeca766", "workflow_instance_id": "4468e44bbd9c4b0f91801d7b8d339c1a", "timestamp": "2025-06-28T19:33:16.218719"}
{"event": "workflow_started", "workflow_id": "3e8cbac975d248b788bc927e2aeca766", "workflow_instance_id": "ba2259fbd99f48b497c3e26007838dd4", "timestamp": "2025-06-28T19:33:16.218773"}
{"event": "step_enqueued", "step": "DecideTask", "workflow_id": "3e8cbac975d248b788bc927e2aeca766", "workflow_instance_id": "ba2259fbd99f48b497c3e26007838dd4", "timestamp": "2025-06-28T19:33:16.218802"}
{"event": "step_started", "step": "DecideTask", "workflow_id": "3e8cbac975d248b788bc927e2aeca766", "workflow_instance_id": "ba2259fbd99f48b497c3e26007838dd4", "timestamp": "2025-06-28T19:33:16.218877"}
{"event": "step_finished", "step": "DecideTask", "result": true, "skipped": false, "workflow_id": "3e8cbac975d248b788bc927e2aeca766", "workflow_instance_id": "ba2259fbd99f48b497c3e26007838dd4", "timestamp": "2025-06-28T19:33:16.218911"}
{"event": "step_enqueued", "step": "DefaultTask", "workflow_id": "3e8cbac975d248b788bc927e2aeca766", "workflow_instance_id": "ba2259fbd99f48b497c3e26007838dd4", "timestamp": "2025-06-28T19:33:16.218949"}
{"event": "step_enqueued", "step": "SkipTask", "workflow_id": "3e8cbac975d248b788bc927e2aeca766", "workflow_instance_id": "ba2259fbd99f48b497c3e26007838dd4", "timestamp": "2025-06-28T19:33:16.218975"}
{"event": "step_started", "step": "DefaultTask", "workflow_id": "3e8cbac975d248b788bc927e2aeca766", "workflow_instance_id": "ba2259fbd99f48b497c3e26007838dd4", "timestamp": "2025-06-28T19:33:16.219004"}
{"event": "condition_check", "step": "DefaultTask", "dependency": "_flag", "value": true, "passed": false, "workflow_id": "3e8cbac975d248b788bc927e2aeca766", "workflow_instance_id": "ba2259fbd99f48b497c3e26007838dd4", "timestamp": "2025-06-28T19:33:16.219064"}
{"event": "step_finished", "step": "DefaultTask", "result": null, "skipped": true, "workflow_id": "3e8cbac975d248b788bc927e2aeca766", "workflow_instance_id": "ba2259fbd99f48b497c3e26007838dd4", "timestamp": "2025-06-28T19:33:16.219092"}
{"event": "step_started", "step": "SkipTask", "workflow_id": "3e8cbac975d248b788bc927e2aeca766", "workflow_instance_id": "ba2259fbd99f48b497c3e26007838dd4", "timestamp": "2025-06-28T19:33:16.219119"}
{"event": "condition_check", "step": "SkipTask", "dependency": "_flag", "value": true, "passed": true, "workflow_id": "3e8cbac975d248b788bc927e2aeca766", "workflow_instance_id": "ba2259fbd99f48b497c3e26007838dd4", "timestamp": "2025-06-28T19:33:16.219147"}
{"event": "step_finished", "step": "SkipTask", "result": null, "skipped": false, "workflow_id": "3e8cbac975d248b788bc927e2aeca766", "workflow_instance_id": "ba2259fbd99f48b497c3e26007838dd4", "timestamp": "2025-06-28T19:33:16.219177"}
{"event": "workflow_finished", "workflow_id": "3e8cbac975d248b788bc927e2aeca766", "workflow_instance_id": "ba2259fbd99f48b497c3e26007838dd4", "timestamp": "2025-06-28T19:33:16.219206"}
{"event": "workflow_started", "workflow_id": "6eabca9eb6394a1f815d6bc2ebaed9da", "workflow_instance_id": "8d7167b8a3cd4510999f82f8c4f5edab", "timestamp": "2025-06-28T19:35:04.035664"}
{"event": "step_enqueued", "step": "DecideTask", "workflow_id": "6eabca9eb6394a1f815d6bc2ebaed9da", "workflow_instance_id": "8d7167b8a3cd4510999f82f8c4f5edab", "timestamp": "2025-06-28T19:35:04.036718"}
{"event": "step_started", "step": "DecideTask", "workflow_id": "6eabca9eb6394a1f815d6bc2ebaed9da", "workflow_instance_id": "8d7167b8a3cd4510999f82f8c4f5edab", "timestamp": "2025-06-28T19:35:04.036917"}
{"event": "step_finished", "step": "DecideTask", "result": true, "skipped": false, "workflow_id": "6eabca9eb6394a1f815d6bc2ebaed9da", "workflow_instance_id": "8d7167b8a3cd4510999f82f8c4f5edab", "timestamp": "2025-06-28T19:35:04.037100"}
{"event": "step_enqueued", "step": "DefaultTask", "workflow_id": "6eabca9eb6394a1f815d6bc2ebaed9da", "workflow_instance_id": "8d7167b8a3cd4510999f82f8c4f5edab", "timestamp": "2025-06-28T19:35:04.037282"}
{"event": "step_enqueued", "step": "SkipTask", "workflow_id": "6eabca9eb6394a1f815d6bc2ebaed9da", "workflow_instance_id": "8d7167b8a3cd4510999f82f8c4f5edab", "timestamp": "2025-06-28T19:35:04.037430"}
{"event": "step_started", "step": "DefaultTask", "workflow_id": "6eabca9eb6394a1f815d6bc2ebaed9da", "workflow_instance_id": "8d7167b8a3cd4510999f82f8c4f5edab", "timestamp": "2025-06-28T19:35:04.037573"}
{"event": "condition_check", "step": "DefaultTask", "dependency": "_flag", "value": true, "passed": false, "workflow_id": "6eabca9eb6394a1f815d6bc2ebaed9da", "workflow_instance_id": "8d7167b8a3cd4510999f82f8c4f5edab", "timestamp": "2025-06-28T19:35:04.037707"}
{"event": "step_finished", "step": "DefaultTask", "result": null, "skipped": true, "workflow_id": "6eabca9eb6394a1f815d6bc2ebaed9da", "workflow_instance_id": "8d7167b8a3cd4510999f82f8c4f5edab", "timestamp": "2025-06-28T19:35:04.037847"}
{"event": "step_started", "step": "SkipTask", "workflow_id": "6eabca9eb6394a1f815d6bc2ebaed9da", "workflow_instance_id": "8d7167b8a3cd4510999f82f8c4f5edab", "timestamp": "2025-06-28T19:35:04.037995"}
{"event": "condition_check", "step": "SkipTask", "dependency": "_flag", "value": true, "passed": true, "workflow_id": "6eabca9eb6394a1f815d6bc2ebaed9da", "workflow_instance_id": "8d7167b8a3cd4510999f82f8c4f5edab", "timestamp": "2025-06-28T19:35:04.038129"}
{"event": "step_finished", "step": "SkipTask", "result": null, "skipped": false, "workflow_id": "6eabca9eb6394a1f815d6bc2ebaed9da", "workflow_instance_id": "8d7167b8a3cd4510999f82f8c4f5edab", "timestamp": "2025-06-28T19:35:04.038264"}
{"event": "workflow_finished", "workflow_id": "6eabca9eb6394a1f815d6bc2ebaed9da", "workflow_instance_id": "8d7167b8a3cd4510999f82f8c4f5edab", "timestamp": "2025-06-28T19:35:04.038524"}
{"event": "workflow_started", "workflow_id": "6eabca9eb6394a1f815d6bc2ebaed9da", "workflow_instance_id": "6ac2c491c83e4982b43af592d25f1e1c", "timestamp": "2025-06-28T19:35:04.038776"}
{"event": "step_enqueued", "step": "DecideTask", "workflow_id": "6eabca9eb6394a1f815d6bc2ebaed9da", "workflow_instance_id": "6ac2c491c83e4982b43af592d25f1e1c", "timestamp": "2025-06-28T19:35:04.038921"}
{"event": "step_started", "step": "DecideTask", "workflow_id": "6eabca9eb6394a1f815d6bc2ebaed9da", "workflow_instance_id": "6ac2c491c83e4982b43af592d25f1e1c", "timestamp": "2025-06-28T19:35:04.039082"}
{"event": "step_finished", "step": "DecideTask", "result": true, "skipped": false, "workflow_id": "6eabca9eb6394a1f815d6bc2ebaed9da", "workflow_instance_id": "6ac2c491c83e4982b43af592d25f1e1c", "timestamp": "2025-06-28T19:35:04.039279"}
{"event": "step_enqueued", "step": "DefaultTask", "workflow_id": "6eabca9eb6394a1f815d6bc2ebaed9da", "workflow_instance_id": "6ac2c491c83e4982b43af592d25f1e1c", "timestamp": "2025-06-28T19:35:04.039453"}
{"event": "step_enqueued", "step": "SkipTask", "workflow_id": "6eabca9eb6394a1f815d6bc2ebaed9da", "workflow_instance_id": "6ac2c491c83e4982b43af592d25f1e1c", "timestamp": "2025-06-28T19:35:04.039629"}
{"event": "step_started", "step": "DefaultTask", "workflow_id": "6eabca9eb6394a1f815d6bc2ebaed9da", "workflow_instance_id": "6ac2c491c83e4982b43af592d25f1e1c", "timestamp": "2025-06-28T19:35:04.039804"}
{"event": "condition_check", "step": "DefaultTask", "dependency": "_flag", "value": true, "passed": false, "workflow_id": "6eabca9eb6394a1f815d6bc2ebaed9da", "workflow_instance_id": "6ac2c491c83e4982b43af592d25f1e1c", "timestamp": "2025-06-28T19:35:04.039971"}
{"event": "step_finished", "step": "DefaultTask", "result": null, "skipped": true, "workflow_id": "6eabca9eb6394a1f815d6bc2ebaed9da", "workflow_instance_id": "6ac2c491c83e4982b43af592d25f1e1c", "timestamp": "2025-06-28T19:35:04.040134"}
{"event": "step_started", "step": "SkipTask", "workflow_id": "6eabca9eb6394a1f815d6bc2ebaed9da", "workflow_instance_id": "6ac2c491c83e4982b43af592d25f1e1c", "timestamp": "2025-06-28T19:35:04.040296"}
{"event": "condition_check", "step": "SkipTask", "dependency": "_flag", "value": true, "passed": true, "workflow_id": "6eabca9eb6394a1f815d6bc2ebaed9da", "workflow_instance_id": "6ac2c491c83e4982b43af592d25f1e1c", "timestamp": "2025-06-28T19:35:04.040516"}
{"event": "step_finished", "step": "SkipTask", "result": null, "skipped": false, "workflow_id": "6eabca9eb6394a1f815d6bc2ebaed9da", "workflow_instance_id": "6ac2c491c83e4982b43af592d25f1e1c", "timestamp": "2025-06-28T19:35:04.040749"}
{"event": "workflow_finished", "workflow_id": "6eabca9eb6394a1f815d6bc2ebaed9da", "workflow_instance_id": "6ac2c491c83e4982b43af592d25f1e1c", "timestamp": "2025-06-28T19:35:04.040955"}
{"event": "workflow_started", "workflow_id": "d606a497afe44bd0853c2793658dea4f", "workflow_instance_id": "5885bd5eda9d47a6a6ef8bab8b7ce890", "process_id": 8714, "host_id": "ec7f751b9866", "timestamp": "2025-06-29T08:55:58.773173"}
{"event": "step_enqueued", "step": "DecideTask", "workflow_id": "d606a497afe44bd0853c2793658dea4f", "workflow_instance_id": "5885bd5eda9d47a6a6ef8bab8b7ce890", "process_id": 8714, "host_id": "ec7f751b9866", "timestamp": "2025-06-29T08:55:58.773295"}
{"event": "step_started", "step": "DecideTask", "workflow_id": "d606a497afe44bd0853c2793658dea4f", "workflow_instance_id": "5885bd5eda9d47a6a6ef8bab8b7ce890", "process_id": 8714, "host_id": "ec7f751b9866", "timestamp": "2025-06-29T08:55:58.773369"}
{"event": "step_finished", "step": "DecideTask", "result": true, "skipped": false, "workflow_id": "d606a497afe44bd0853c2793658dea4f", "workflow_instance_id": "5885bd5eda9d47a6a6ef8bab8b7ce890", "process_id": 8714, "host_id": "ec7f751b9866", "timestamp": "2025-06-29T08:55:58.773432"}
{"event": "step_enqueued", "step": "DefaultTask", "workflow_id": "d606a497afe44bd0853c2793658dea4f", "workflow_instance_id": "5885bd5eda9d47a6a6ef8bab8b7ce890", "process_id": 8714, "host_id": "ec7f751b9866", "timestamp": "2025-06-29T08:55:58.773484"}
{"event": "step_enqueued", "step": "SkipTask", "workflow_id": "d606a497afe44bd0853c2793658dea4f", "workflow_instance_id": "5885bd5eda9d47a6a6ef8bab8b7ce890", "process_id": 8714, "host_id": "ec7f751b9866", "timestamp": "2025-06-29T08:55:58.773533"}
{"event": "step_started", "step": "DefaultTask", "workflow_id": "d606a497afe44bd0853c2793658dea4f", "workflow_instance_id": "5885bd5eda9d47a6a6ef8bab8b7ce890", "process_id": 8714, "host_id": "ec7f751b9866", "timestamp": "2025-06-29T08:55:58.773579"}
{"event": "condition_check", "step": "DefaultTask", "dependency": "_flag", "value": true, "passed": false, "workflow_id": "d606a497afe44bd0853c2793658dea4f", "workflow_instance_id": "5885bd5eda9d47a6a6ef8bab8b7ce890", "process_id": 8714, "host_id": "ec7f751b9866", "timestamp": "2025-06-29T08:55:58.773621"}
{"event": "step_finished", "step": "DefaultTask", "result": null, "skipped": true, "workflow_id": "d606a497afe44bd0853c2793658dea4f", "workflow_instance_id": "5885bd5eda9d47a6a6ef8bab8b7ce890", "process_id": 8714, "host_id": "ec7f751b9866", "timestamp": "2025-06-29T08:55:58.773660"}
{"event": "step_started", "step": "SkipTask", "workflow_id": "d606a497afe44bd0853c2793658dea4f", "workflow_instance_id": "5885bd5eda9d47a6a6ef8bab8b7ce890", "process_id": 8714, "host_id": "ec7f751b9866", "timestamp": "2025-06-29T08:55:58.773698"}
{"event": "condition_check", "step": "SkipTask", "dependency": "_flag", "value": true, "passed": true, "workflow_id": "d606a497afe44bd0853c2793658dea4f", "workflow_instance_id": "5885bd5eda9d47a6a6ef8bab8b7ce890", "process_id": 8714, "host_id": "ec7f751b9866", "timestamp": "2025-06-29T08:55:58.773737"}
{"event": "step_finished", "step": "SkipTask", "result": null, "skipped": false, "workflow_id": "d606a497afe44bd0853c2793658dea4f", "workflow_instance_id": "5885bd5eda9d47a6a6ef8bab8b7ce890", "process_id": 8714, "host_id": "ec7f751b9866", "timestamp": "2025-06-29T08:55:58.773786"}
{"event": "workflow_finished", "workflow_id": "d606a497afe44bd0853c2793658dea4f", "workflow_instance_id": "5885bd5eda9d47a6a6ef8bab8b7ce890", "process_id": 8714, "host_id": "ec7f751b9866", "timestamp": "2025-06-29T08:55:58.773838"}
{"event": "workflow_started", "workflow_id": "d606a497afe44bd0853c2793658dea4f", "workflow_instance_id": "c7ceed0e2bf84b38a0573f980fc3256a", "process_id": 8714, "host_id": "ec7f751b9866", "timestamp": "2025-06-29T08:55:58.773902"}
{"event": "step_enqueued", "step": "DecideTask", "workflow_id": "d606a497afe44bd0853c2793658dea4f", "workflow_instance_id": "c7ceed0e2bf84b38a0573f980fc3256a", "process_id": 8714, "host_id": "ec7f751b9866", "timestamp": "2025-06-29T08:55:58.773947"}
{"event": "step_started", "step": "DecideTask", "workflow_id": "d606a497afe44bd0853c2793658dea4f", "workflow_instance_id": "c7ceed0e2bf84b38a0573f980fc3256a", "process_id": 8714, "host_id": "ec7f751b9866", "timestamp": "2025-06-29T08:55:58.773988"}
{"event": "step_finished", "step": "DecideTask", "result": true, "skipped": false, "workflow_id": "d606a497afe44bd0853c2793658dea4f", "workflow_instance_id": "c7ceed0e2bf84b38a0573f980fc3256a", "process_id": 8714, "host_id": "ec7f751b9866", "timestamp": "2025-06-29T08:55:58.774034"}
{"event": "step_enqueued", "step": "DefaultTask", "workflow_id": "d606a497afe44bd0853c2793658dea4f", "workflow_instance_id": "c7ceed0e2bf84b38a0573f980fc3256a", "process_id": 8714, "host_id": "ec7f751b9866", "timestamp": "2025-06-29T08:55:58.774074"}
{"event": "step_enqueued", "step": "SkipTask", "workflow_id": "d606a497afe44bd0853c2793658dea4f", "workflow_instance_id": "c7ceed0e2bf84b38a0573f980fc3256a", "process_id": 8714, "host_id": "ec7f751b9866", "timestamp": "2025-06-29T08:55:58.774109"}
{"event": "step_started", "step": "DefaultTask", "workflow_id": "d606a497afe44bd0853c2793658dea4f", "workflow_instance_id": "c7ceed0e2bf84b38a0573f980fc3256a", "process_id": 8714, "host_id": "ec7f751b9866", "timestamp": "2025-06-29T08:55:58.774148"}
{"event": "condition_check", "step": "DefaultTask", "dependency": "_flag", "value": true, "passed": false, "workflow_id": "d606a497afe44bd0853c2793658dea4f", "workflow_instance_id": "c7ceed0e2bf84b38a0573f980fc3256a", "process_id": 8714, "host_id": "ec7f751b9866", "timestamp": "2025-06-29T08:55:58.774191"}
{"event": "step_finished", "step": "DefaultTask", "result": null, "skipped": true, "workflow_id": "d606a497afe44bd0853c2793658dea4f", "workflow_instance_id": "c7ceed0e2bf84b38a0573f980fc3256a", "process_id": 8714, "host_id": "ec7f751b9866", "timestamp": "2025-06-29T08:55:58.774229"}
{"event": "step_started", "step": "SkipTask", "workflow_id": "d606a497afe44bd0853c2793658dea4f", "workflow_instance_id": "c7ceed0e2bf84b38a0573f980fc3256a", "process_id": 8714, "host_id": "ec7f751b9866", "timestamp": "2025-06-29T08:55:58.774265"}
{"event": "condition_check", "step": "SkipTask", "dependency": "_flag", "value": true, "passed": true, "workflow_id": "d606a497afe44bd0853c2793658dea4f", "workflow_instance_id": "c7ceed0e2bf84b38a0573f980fc3256a", "process_id": 8714, "host_id": "ec7f751b9866", "timestamp": "2025-06-29T08:55:58.774301"}
{"event": "step_finished", "step": "SkipTask", "result": null, "skipped": false, "workflow_id": "d606a497afe44bd0853c2793658dea4f", "workflow_instance_id": "c7ceed0e2bf84b38a0573f980fc3256a", "process_id": 8714, "host_id": "ec7f751b9866", "timestamp": "2025-06-29T08:55:58.774342"}
{"event": "workflow_finished", "workflow_id": "d606a497afe44bd0853c2793658dea4f", "workflow_instance_id": "c7ceed0e2bf84b38a0573f980fc3256a", "process_id": 8714, "host_id": "ec7f751b9866", "timestamp": "2025-06-29T08:55:58.774387"}
